Arguments: 
  C:\Program Files\nodejs\node.exe C:\Program Files\nodejs\node_modules\yarn\bin\yarn.js install

PATH: 
  C:\Windows\system32;C:\Windows;C:\Windows\System32\Wbem;C:\Windows\System32\WindowsPowerShell\v1.0\;C:\Windows\System32\OpenSSH\;C:\Program Files\NVIDIA Corporation\NVIDIA NvDLISR;C:\Program Files (x86)\NVIDIA Corporation\PhysX\Common;C:\Program Files\Git\cmd;C:\Users\evaev\AppData\Roaming\nvm;C:\Program Files\nodejs;C:\Users\evaev\AppData\Local\Microsoft\WindowsApps;C:\Users\evaev\AppData\Roaming\nvm;C:\Program Files\nodejs;C:\Users\evaev\OneDrive\Документы\frontend\binance\node_modules\.bin

Yarn version: 
  1.22.19

Node version: 
  14.17.1

Platform: 
  win32 x64

Trace: 
  SyntaxError: C:\Users\evaev\OneDrive\Документы\frontend\binance\package.json: Unexpected token } in JSON at position 504
      at JSON.parse (<anonymous>)
      at C:\Users\evaev\AppData\Roaming\nvm\v14.17.1\node_modules\yarn\lib\cli.js:1629:59
      at Generator.next (<anonymous>)
      at step (C:\Users\evaev\AppData\Roaming\nvm\v14.17.1\node_modules\yarn\lib\cli.js:310:30)
      at C:\Users\evaev\AppData\Roaming\nvm\v14.17.1\node_modules\yarn\lib\cli.js:321:13

npm manifest: 
  {
    "name": "binance",
    "version": "0.0.0",
    "description": "fullstack binance app",
    "main": "index.js",
    "scripts": {
      "dev": "ts-node -r tsconfig-paths/register ./src/index.ts",
      "test": "echo \"Error: no test specified\" && exit 1"
    },
    "author": "argentum konstantinium",
    "license": "ISC",
    "dependencies": {
      "@binance/connector": "^2.0.1",
      "@types/express": "^4.17.17",
      "axios": "^1.3.4",
      "crypto": "^1.0.1",
      "express": "^4.18.2",
      "module-alias": "^2.2.2",
    },
    "devDependencies": {
      "@ef-carbon/tspm": "^2.2.5",
      "@types/node": "^18.15.7",
      "nodemon": "^2.0.22",
      "ts-node": "^10.9.1",
      "ts-node-dev": "^2.0.0",
      "tsconfig-paths": "^4.2.0"
    }
  }

yarn manifest: 
  No manifest

Lockfile: 
  No lockfile
